#load scaling coefficitent	 mean delay 
0.000000	0.000000	0.000000	0.000000	0.000000	0.000000	0.000000	0.000000	0.000000	0.000000
0.020202	0.000018	0.020202	0.000060	0.020202	3.161945	0.020202	0.000017	0.020202	0.000034
0.040404	0.000092	0.040404	0.000092	0.040404	3.235351	0.040404	0.000091	0.040404	0.000034
0.060606	0.000063	0.060606	0.000073	0.060606	3.242599	0.060606	0.000131	0.060606	0.000086
0.080808	0.000138	0.080808	0.000147	0.080808	3.277611	0.080808	0.000236	0.080808	0.000164
0.101010	0.000228	0.101010	0.000222	0.101010	3.322680	0.101010	0.000378	0.101010	0.000264
0.121212	0.000425	0.121212	0.000431	0.121212	3.356503	0.121212	0.000610	0.121212	0.000481
0.141414	0.000661	0.141414	0.000641	0.141414	3.407104	0.141414	0.000868	0.141414	0.000692
0.161616	0.000967	0.161616	0.001021	0.161616	3.436307	0.161616	0.001266	0.161616	0.001052
0.181818	0.001341	0.181818	0.001356	0.181818	3.473972	0.181818	0.001740	0.181818	0.001364
0.202020	0.001878	0.202020	0.001827	0.202020	3.530064	0.202020	0.002289	0.202020	0.001807
0.222222	0.002386	0.222222	0.002430	0.222222	3.581501	0.222222	0.002969	0.222222	0.002474
0.242424	0.003063	0.242424	0.003094	0.242424	3.625837	0.242424	0.003785	0.242424	0.003244
0.262626	0.004057	0.262626	0.003868	0.262626	3.669441	0.262626	0.004845	0.262626	0.003979
0.282828	0.005165	0.282828	0.004884	0.282828	3.713361	0.282828	0.005765	0.282828	0.005117
0.303030	0.006443	0.303030	0.006013	0.303030	3.766058	0.303030	0.007153	0.303030	0.006110
0.323232	0.007523	0.323232	0.007180	0.323232	3.821381	0.323232	0.008486	0.323232	0.007475
0.343434	0.008939	0.343434	0.008585	0.343434	3.871477	0.343434	0.010039	0.343434	0.009261
0.363636	0.010615	0.363636	0.010284	0.363636	3.925508	0.363636	0.011727	0.363636	0.010565
0.383838	0.012747	0.383838	0.012102	0.383838	3.971713	0.383838	0.013876	0.383838	0.012591
0.404040	0.014737	0.404040	0.013888	0.404040	4.028192	0.404040	0.016187	0.404040	0.014525
0.424242	0.016951	0.424242	0.016016	0.424242	4.078485	0.424242	0.018388	0.424242	0.016914
0.444444	0.019502	0.444444	0.018561	0.444444	4.137843	0.444444	0.021358	0.444444	0.019433
0.464646	0.022273	0.464646	0.021161	0.464646	4.195004	0.464646	0.024342	0.464646	0.022124
0.484848	0.025524	0.484848	0.024289	0.484848	4.248853	0.484848	0.026659	0.484848	0.025060
0.505051	0.028665	0.505051	0.027770	0.505051	4.312492	0.505051	0.030584	0.505051	0.029180
0.525253	0.032142	0.525253	0.031309	0.525253	4.365502	0.525253	0.034531	0.525253	0.032453
0.545455	0.036333	0.545455	0.035080	0.545455	4.415204	0.545455	0.039447	0.545455	0.036531
0.565657	0.041191	0.565657	0.039158	0.565657	4.482695	0.565657	0.043140	0.565657	0.041292
0.585859	0.045350	0.585859	0.043543	0.585859	4.525241	0.585859	0.048565	0.585859	0.046033
0.606061	0.050899	0.606061	0.048834	0.606061	4.600934	0.606061	0.053721	0.606061	0.051055
0.626263	0.055223	0.626263	0.054323	0.626263	4.649781	0.626263	0.060204	0.626263	0.056792
0.646465	0.062573	0.646465	0.060479	0.646465	4.712462	0.646465	0.066565	0.646465	0.062448
0.666667	0.069153	0.666667	0.067377	0.666667	4.772355	0.666667	0.073831	0.666667	0.069480
0.686869	0.075054	0.686869	0.073259	0.686869	4.831809	0.686869	0.081398	0.686869	0.076926
0.707071	0.082782	0.707071	0.082626	0.707071	4.888147	0.707071	0.090040	0.707071	0.084512
0.727273	0.091173	0.727273	0.089805	0.727273	4.962674	0.727273	0.099631	0.727273	0.092940
0.747475	0.099228	0.747475	0.099405	0.747475	5.019006	0.747475	0.111640	0.747475	0.101874
0.767677	0.109483	0.767677	0.110149	0.767677	5.083768	0.767677	0.123003	0.767677	0.110264
0.787879	0.117734	0.787879	0.118802	0.787879	5.153286	0.787879	0.132759	0.787879	0.120989
0.808081	0.130512	0.808081	0.131290	0.808081	5.203568	0.808081	0.146846	0.808081	0.131495
0.828283	0.139398	0.828283	0.146577	0.828283	5.272394	0.828283	0.162517	0.828283	0.144248
0.848485	0.153876	0.848485	0.157832	0.848485	5.341539	0.848485	0.180348	0.848485	0.157988
0.868687	0.167860	0.868687	0.174065	0.868687	5.406796	0.868687	0.197663	0.868687	0.173126
0.888889	0.180521	0.888889	0.192167	0.888889	5.477653	0.888889	0.217020	0.888889	0.187017
0.909091	0.195394	0.909091	0.210501	0.909091	5.540469	0.909091	0.240665	0.909091	0.204204
0.929293	0.209801	0.929293	0.228224	0.929293	5.609634	0.929293	0.266965	0.929293	0.220086
0.949495	0.227894	0.949495	0.247370	0.949495	5.672581	0.949495	0.300577	0.949495	0.241216
0.969697	0.245970	0.969697	0.272320	0.969697	5.747986	0.969697	0.330529	0.969697	0.259389
0.989899	0.265221	0.989899	0.302036	0.989899	5.814706	0.989899	0.365978	0.989899	0.282456
1.010101	0.288525	1.010101	0.331137	1.010101	5.887415	1.010101	0.406101	1.010101	0.306573
1.030303	0.305545	1.030303	0.365521	1.030303	5.952883	1.030303	0.464436	1.030303	0.328890
1.050505	0.331422	1.050505	0.398408	1.050505	6.027391	1.050505	0.532563	1.050505	0.360244
1.070707	0.361489	1.070707	0.443167	1.070707	6.103580	1.070707	0.584658	1.070707	0.384726
1.090909	0.386934	1.090909	0.484137	1.090909	6.173128	1.090909	0.653933	1.090909	0.418396
1.111111	0.415079	1.111111	0.531274	1.111111	6.257464	1.111111	0.761802	1.111111	0.459410
1.131313	0.449322	1.131313	0.589125	1.131313	6.330578	1.131313	0.861003	1.131313	0.494334
1.151515	0.481133	1.151515	0.641076	1.151515	6.399553	1.151515	0.989482	1.151515	0.535891
1.171717	0.518053	1.171717	0.709825	1.171717	6.488189	1.171717	1.156735	1.171717	0.584869
1.191919	0.559823	1.191919	0.792534	1.191919	6.568143	1.191919	1.304913	1.191919	0.628776
1.212121	0.604463	1.212121	0.864309	1.212121	6.654206	1.212121	1.594273	1.212121	0.681902
1.232323	0.651855	1.232323	0.939955	1.232323	6.733969	1.232323	1.865159	1.232323	0.741198
1.252525	0.694117	1.252525	1.058959	1.252525	6.821324	1.252525	2.214583	1.252525	0.794207
1.272727	0.751447	1.272727	1.166723	1.272727	6.908712	1.272727	2.723531	1.272727	0.867476
1.292929	0.806761	1.292929	1.303984	1.292929	7.010059	1.292929	3.294062	1.292929	0.932636
1.313131	0.875090	1.313131	1.428105	1.313131	7.096362	1.313131	4.204422	1.313131	1.028964
1.333333	0.939141	1.333333	1.605755	1.333333	7.210033	1.333333	5.666992	1.333333	1.105468
1.353535	1.011620	1.353535	1.779372	1.353535	7.315313	1.353535	7.201838	1.353535	1.209510
1.373737	1.078466	1.373737	1.982470	1.373737	7.419532	1.373737	9.276680	1.373737	1.321767
1.393939	1.176713	1.393939	2.227921	1.393939	7.544833	1.393939	14.665801	1.393939	1.438457
1.414141	1.270021	1.414141	2.483490	1.414141	7.649356	1.414141	20.055544	1.414141	1.562483
1.434343	1.369055	1.434343	2.770843	1.434343	7.782029	1.434343	35.750807	1.434343	1.727988
1.454545	1.486297	1.454545	3.083738	1.454545	7.920564	1.454545	70.419983	1.454545	1.873978
1.474747	1.584449	1.474747	3.490209	1.474747	8.078626	1.474747	186.130865	1.474747	2.045222
1.494949	1.731782	1.494949	3.943982	1.494949	8.230807	1.494949	3273.484851	1.494949	2.233459
1.515152	1.865715	1.515152	4.325511	1.515152	8.408044	1.494949	inf	1.515152	2.484239
1.535354	2.005730	1.535354	4.969585	1.535354	8.582184	1.515152	inf	1.535354	2.692585
1.555556	2.188265	1.555556	5.559780	1.555556	8.833224	1.535354	inf	1.555556	2.982600
1.575758	2.404513	1.575758	6.198857	1.575758	9.008817	1.555556	inf	1.575758	3.297614
1.595960	2.639514	1.595960	6.955659	1.595960	9.310231	1.575758	inf	1.595960	3.644617
1.616162	2.914197	1.616162	7.920941	1.616162	9.633623	1.595960	inf	1.616162	4.084597
1.636364	3.175496	1.636364	8.965704	1.636364	9.939672	1.616162	inf	1.636364	4.510748
1.656566	3.515081	1.656566	10.167244	1.656566	10.389468	1.636364	inf	1.656566	5.031746
1.676768	3.809959	1.676768	11.746617	1.676768	10.896713	1.656566	inf	1.676768	5.715240
1.696970	4.283683	1.696970	13.241316	1.696970	11.504938	1.676768	inf	1.696970	6.402523
1.717172	4.824865	1.717172	15.624268	1.717172	12.296709	1.696970	inf	1.717172	7.226482
1.737374	5.612998	1.737374	17.671150	1.737374	13.484239	1.717172	inf	1.737374	8.870519
1.757576	6.517200	1.757576	21.373158	1.757576	15.447919	1.737374	inf	1.757576	10.530434
1.777778	7.787631	1.777778	26.512345	1.777778	18.048584	1.757576	inf	1.777778	12.464726
1.797980	9.719665	1.797980	40.447843	1.797980	23.911973	1.777778	inf	1.797980	16.034672
1.818182	12.557233	1.818182	285.257112	1.818182	208.280898	1.797980	inf	1.818182	23.469337
1.838384	17.630396	1.818182	inf	1.818182	inf	1.818182	inf	1.838384	34.485577
1.858586	44.747349	1.838384	inf	1.838384	inf	1.838384	inf	1.858586	83.900075
1.878788	1926.434789	1.858586	inf	1.858586	inf	1.858586	inf	1.878788	4565.711069
1.878788	inf	1.878788	inf	1.878788	inf	1.878788	inf	1.878788	inf
1.898990	inf	1.898990	inf	1.898990	inf	1.898990	inf	1.898990	inf
1.919192	inf	1.919192	inf	1.919192	inf	1.919192	inf	1.919192	inf
1.939394	inf	1.939394	inf	1.939394	inf	1.939394	inf	1.939394	inf
1.959596	inf	1.959596	inf	1.959596	inf	1.959596	inf	1.959596	inf
1.979798	inf	1.979798	inf	1.979798	inf	1.979798	inf	1.979798	inf
